# JRE version: OpenJDK Runtime Environment Temurin-17.0.15+6 (17.0.15+6) (build 17.0.15+6)
# Java VM: OpenJDK 64-Bit Server VM Temurin-17.0.15+6 (17.0.15+6, mixed mode, sharing, tiered, compressed oops, compressed class ptrs, g1 gc, windows-amd64)
GC Precious Log:
 CPUs: 16 total, 16 available
 Memory: 16088M
 Large Page Support: Disabled
 NUMA Support: Disabled
 Compressed Oops: Enabled (Zero based)
 Heap Region Size: 2M
 Heap Min Capacity: 8M
 Heap Initial Capacity: 252M
 Heap Max Capacity: 4024M
 Pre-touch: Disabled
 Parallel Workers: 13
 Concurrent Workers: 3
 Concurrent Refinement Workers: 13
 Periodic GC: Disabled
Heap:
 garbage-first heap   total 229376K, used 58290K [0x0000000704800000, 0x0000000800000000)
  region size 2048K, 9 young (18432K), 3 survivors (6144K)
 Metaspace       used 90928K, committed 92224K, reserved 1179648K
  class space    used 11882K, committed 12480K, reserved 1048576K
GC Heap History (20 events):
Event: 126.313 GC heap after
{Heap after GC invocations=86 (full 23):
 garbage-first heap   total 151552K, used 42366K [0x0000000704800000, 0x0000000800000000)
  region size 2048K, 0 young (0K), 0 survivors (0K)
 Metaspace       used 90235K, committed 91456K, reserved 1179648K
  class space    used 11857K, committed 12416K, reserved 1048576K
}
Event: 127.023 GC heap before
{Heap before GC invocations=86 (full 23):
 garbage-first heap   total 151552K, used 114046K [0x0000000704800000, 0x0000000800000000)
  region size 2048K, 35 young (71680K), 0 survivors (0K)
 Metaspace       used 90367K, committed 91584K, reserved 1179648K
  class space    used 11862K, committed 12416K, reserved 1048576K
}
Event: 127.025 GC heap after
{Heap after GC invocations=87 (full 23):
 garbage-first heap   total 284672K, used 47762K [0x0000000704800000, 0x0000000800000000)
  region size 2048K, 3 young (6144K), 3 survivors (6144K)
 Metaspace       used 90367K, committed 91584K, reserved 1179648K
  class space    used 11862K, committed 12416K, reserved 1048576K
}
Event: 128.879 GC heap before
{Heap before GC invocations=87 (full 23):
 garbage-first heap   total 284672K, used 64146K [0x0000000704800000, 0x0000000800000000)
  region size 2048K, 12 young (24576K), 3 survivors (6144K)
 Metaspace       used 90379K, committed 91584K, reserved 1179648K
  class space    used 11862K, committed 12416K, reserved 1048576K
}
Event: 128.916 GC heap after
{Heap after GC invocations=88 (full 24):
 garbage-first heap   total 163840K, used 42441K [0x0000000704800000, 0x0000000800000000)
  region size 2048K, 0 young (0K), 0 survivors (0K)
 Metaspace       used 90377K, committed 91584K, reserved 1179648K
  class space    used 11862K, committed 12416K, reserved 1048576K
}
Event: 131.076 GC heap before
{Heap before GC invocations=88 (full 24):
 garbage-first heap   total 163840K, used 122313K [0x0000000704800000, 0x0000000800000000)
  region size 2048K, 39 young (79872K), 0 survivors (0K)
 Metaspace       used 90503K, committed 91776K, reserved 1179648K
  class space    used 11867K, committed 12480K, reserved 1048576K
}
Event: 131.078 GC heap after
{Heap after GC invocations=89 (full 24):
 garbage-first heap   total 163840K, used 47521K [0x0000000704800000, 0x0000000800000000)
  region size 2048K, 3 young (6144K), 3 survivors (6144K)
 Metaspace       used 90503K, committed 91776K, reserved 1179648K
  class space    used 11867K, committed 12480K, reserved 1048576K
}
Event: 131.382 GC heap before
{Heap before GC invocations=89 (full 24):
 garbage-first heap   total 163840K, used 51617K [0x0000000704800000, 0x0000000800000000)
  region size 2048K, 6 young (12288K), 3 survivors (6144K)
 Metaspace       used 90509K, committed 91776K, reserved 1179648K
  class space    used 11867K, committed 12480K, reserved 1048576K
}
Event: 131.421 GC heap after
{Heap after GC invocations=90 (full 25):
 garbage-first heap   total 151552K, used 42441K [0x0000000704800000, 0x0000000800000000)
  region size 2048K, 0 young (0K), 0 survivors (0K)
 Metaspace       used 90507K, committed 91776K, reserved 1179648K
  class space    used 11867K, committed 12480K, reserved 1048576K
}
Event: 132.127 GC heap before
{Heap before GC invocations=90 (full 25):
 garbage-first heap   total 151552K, used 118217K [0x0000000704800000, 0x0000000800000000)
  region size 2048K, 37 young (75776K), 0 survivors (0K)
 Metaspace       used 90625K, committed 91904K, reserved 1179648K
  class space    used 11872K, committed 12480K, reserved 1048576K
}
Event: 132.129 GC heap after
{Heap after GC invocations=91 (full 25):
 garbage-first heap   total 151552K, used 47671K [0x0000000704800000, 0x0000000800000000)
  region size 2048K, 3 young (6144K), 3 survivors (6144K)
 Metaspace       used 90625K, committed 91904K, reserved 1179648K
  class space    used 11872K, committed 12480K, reserved 1048576K
}
Event: 134.525 GC heap before
{Heap before GC invocations=91 (full 25):
 garbage-first heap   total 151552K, used 55863K [0x0000000704800000, 0x0000000800000000)
  region size 2048K, 8 young (16384K), 3 survivors (6144K)
 Metaspace       used 90653K, committed 91904K, reserved 1179648K
  class space    used 11872K, committed 12480K, reserved 1048576K
}
Event: 134.574 GC heap after
{Heap after GC invocations=92 (full 26):
 garbage-first heap   total 151552K, used 42698K [0x0000000704800000, 0x0000000800000000)
  region size 2048K, 0 young (0K), 0 survivors (0K)
 Metaspace       used 90650K, committed 91904K, reserved 1179648K
  class space    used 11872K, committed 12480K, reserved 1048576K
}
Event: 135.326 GC heap before
{Heap before GC invocations=92 (full 26):
 garbage-first heap   total 151552K, used 116426K [0x0000000704800000, 0x0000000800000000)
  region size 2048K, 36 young (73728K), 0 survivors (0K)
 Metaspace       used 90779K, committed 92096K, reserved 1179648K
  class space    used 11877K, committed 12480K, reserved 1048576K
}
Event: 135.328 GC heap after
{Heap after GC invocations=93 (full 26):
 garbage-first heap   total 151552K, used 47944K [0x0000000704800000, 0x0000000800000000)
  region size 2048K, 3 young (6144K), 3 survivors (6144K)
 Metaspace       used 90779K, committed 92096K, reserved 1179648K
  class space    used 11877K, committed 12480K, reserved 1048576K
}
Event: 136.854 GC heap before
{Heap before GC invocations=93 (full 26):
 garbage-first heap   total 151552K, used 56136K [0x0000000704800000, 0x0000000800000000)
  region size 2048K, 8 young (16384K), 3 survivors (6144K)
 Metaspace       used 90789K, committed 92096K, reserved 1179648K
  class space    used 11877K, committed 12480K, reserved 1048576K
}
Event: 136.923 GC heap after
{Heap after GC invocations=94 (full 27):
 garbage-first heap   total 151552K, used 42776K [0x0000000704800000, 0x0000000800000000)
  region size 2048K, 0 young (0K), 0 survivors (0K)
 Metaspace       used 90786K, committed 92096K, reserved 1179648K
  class space    used 11877K, committed 12480K, reserved 1048576K
}
Event: 137.876 GC heap before
{Heap before GC invocations=94 (full 27):
 garbage-first heap   total 151552K, used 114456K [0x0000000704800000, 0x0000000800000000)
  region size 2048K, 36 young (73728K), 0 survivors (0K)
 Metaspace       used 90889K, committed 92160K, reserved 1179648K
  class space    used 11881K, committed 12480K, reserved 1048576K
}
Event: 137.879 GC heap after
{Heap after GC invocations=95 (full 27):
 garbage-first heap   total 229376K, used 48050K [0x0000000704800000, 0x0000000800000000)
  region size 2048K, 3 young (6144K), 3 survivors (6144K)
 Metaspace       used 90889K, committed 92160K, reserved 1179648K
  class space    used 11881K, committed 12480K, reserved 1048576K
}
Event: 139.466 GC heap before
{Heap before GC invocations=95 (full 27):
 garbage-first heap   total 229376K, used 58290K [0x0000000704800000, 0x0000000800000000)
  region size 2048K, 9 young (18432K), 3 survivors (6144K)
 Metaspace       used 90928K, committed 92224K, reserved 1179648K
  class space    used 11882K, committed 12480K, reserved 1048576K
}

